{
  "RSpec": {
    "coverage": {
      "/Users/ScottGledhill/Desktop/Projects/airport_challenge/airportChallenge/spec/airplane_spec.rb": [
        1,
        null,
        1,
        null,
        1,
        3,
        null,
        null,
        1,
        1,
        1,
        1,
        1,
        null,
        null,
        1,
        1,
        null,
        null,
        null,
        1,
        1,
        1,
        1,
        null,
        null,
        null
      ],
      "/Users/ScottGledhill/Desktop/Projects/airport_challenge/airportChallenge/lib/airplane.rb": [
        null,
        1,
        1,
        null,
        1,
        23,
        null,
        null,
        1,
        12,
        null,
        null,
        1,
        1,
        null,
        null
      ],
      "/Users/ScottGledhill/Desktop/Projects/airport_challenge/airportChallenge/spec/airport_spec.rb": [
        1,
        1,
        null,
        1,
        null,
        10,
        null,
        7,
        null,
        1,
        1,
        1,
        null,
        null,
        1,
        1,
        null,
        null,
        null,
        1,
        1,
        1,
        null,
        null,
        null,
        1,
        1,
        2,
        2,
        1,
        0,
        null,
        null,
        1,
        1,
        1,
        null,
        null,
        null,
        1,
        1,
        2,
        1,
        1,
        null,
        null,
        1,
        21,
        1,
        1,
        null,
        null,
        null,
        1,
        1,
        4,
        1,
        1,
        null,
        null,
        1,
        2,
        1,
        1,
        null,
        null,
        null,
        null,
        null,
        null,
        null
      ],
      "/Users/ScottGledhill/Desktop/Projects/airport_challenge/airportChallenge/lib/airport.rb": [
        null,
        null,
        1,
        1,
        1,
        null,
        null,
        1,
        1,
        1,
        null,
        1,
        1,
        1,
        11,
        11,
        11,
        11,
        null,
        null,
        null,
        1,
        25,
        11,
        11,
        11,
        10,
        null,
        14,
        null,
        null,
        null,
        1,
        2,
        0,
        0,
        0,
        0,
        2,
        1,
        null,
        1,
        null,
        null,
        null,
        1,
        1,
        1,
        0,
        0,
        null,
        1,
        null,
        null,
        null,
        1,
        null,
        1,
        21,
        null,
        null
      ],
      "/Users/ScottGledhill/Desktop/Projects/airport_challenge/airportChallenge/lib/weather.rb": [
        null,
        1,
        1,
        25,
        25,
        1,
        null,
        24,
        null,
        null,
        null
      ],
      "/Users/ScottGledhill/Desktop/Projects/airport_challenge/airportChallenge/lib/security.rb": [
        null,
        1,
        null,
        1,
        null,
        1,
        1,
        1,
        null,
        null,
        null,
        1,
        10,
        10,
        0,
        null,
        10,
        null,
        null,
        null,
        null,
        null,
        null,
        null,
        null,
        null
      ],
      "/Users/ScottGledhill/Desktop/Projects/airport_challenge/airportChallenge/lib/passenger.rb": [
        null,
        1,
        null,
        1,
        1,
        4,
        4,
        4,
        null,
        null,
        1,
        2,
        null,
        null,
        1,
        1,
        null,
        null
      ],
      "/Users/ScottGledhill/Desktop/Projects/airport_challenge/airportChallenge/spec/customs_spec.rb": [
        null,
        1,
        1,
        1,
        null,
        1,
        1,
        1,
        null,
        null,
        1,
        1,
        null,
        null,
        1,
        1,
        1,
        1,
        null,
        null,
        null,
        null,
        null,
        null,
        null,
        null
      ],
      "/Users/ScottGledhill/Desktop/Projects/airport_challenge/airportChallenge/spec/passenger_spec.rb": [
        null,
        1,
        null,
        1,
        null,
        1,
        3,
        null,
        null,
        1,
        1,
        1,
        1,
        null,
        null,
        1,
        1,
        1,
        null,
        null,
        1,
        1,
        null,
        null,
        null
      ],
      "/Users/ScottGledhill/Desktop/Projects/airport_challenge/airportChallenge/spec/weather_spec.rb": [
        null,
        1,
        1,
        null,
        1,
        null,
        1,
        1,
        null,
        null,
        1,
        1,
        null,
        null
      ]
    },
    "timestamp": 1453671023
  }
}
