{
  "RSpec": {
    "coverage": {
      "/Users/ScottGledhill/Desktop/Projects/airport_challenge/airportChallenge/spec/airplane_spec.rb": [
        1,
        null,
        1,
        null,
        1,
        0,
        null,
        null,
        1,
        1,
        0,
        0,
        0,
        null,
        null,
        1,
        0,
        null,
        null,
        null,
        1,
        1,
        0,
        0,
        null,
        null,
        null
      ],
      "/Users/ScottGledhill/Desktop/Projects/airport_challenge/airportChallenge/lib/airplane.rb": [
        null,
        1,
        1,
        null,
        1,
        0,
        null,
        null,
        1,
        0,
        null,
        null,
        1,
        0,
        null,
        null
      ],
      "/Users/ScottGledhill/Desktop/Projects/airport_challenge/airportChallenge/spec/airport_spec.rb": [
        1,
        0,
        null,
        0,
        null,
        0,
        0,
        null,
        0,
        0,
        null,
        null,
        0,
        0,
        0,
        null,
        null,
        0,
        0,
        null,
        null,
        null,
        0,
        0,
        0,
        null,
        null,
        null,
        0,
        0,
        0,
        0,
        0,
        null,
        null,
        0,
        0,
        0,
        null,
        null,
        null,
        0,
        0,
        0,
        0,
        null,
        null,
        null,
        0,
        0,
        0,
        0,
        0,
        null,
        null,
        0,
        0,
        0,
        null,
        null,
        null,
        null,
        null,
        null,
        null
      ],
      "/Users/ScottGledhill/Desktop/Projects/airport_challenge/airportChallenge/lib/airport.rb": [
        null,
        null,
        1,
        1,
        1,
        null,
        null,
        0,
        0,
        0,
        0,
        0,
        0,
        0,
        0,
        null,
        null,
        null,
        0,
        0,
        0,
        0,
        0,
        0,
        null,
        0,
        null,
        null,
        null,
        0,
        0,
        0,
        0,
        0,
        0,
        0,
        0,
        null,
        0,
        null,
        null,
        null,
        0,
        0,
        0,
        0,
        0,
        null,
        0,
        null,
        null,
        null,
        0,
        null,
        0,
        0,
        null,
        null
      ],
      "/Users/ScottGledhill/Desktop/Projects/airport_challenge/airportChallenge/lib/weather.rb": [
        null,
        1,
        1,
        0,
        0,
        0,
        null,
        0,
        null,
        null,
        null
      ]
    },
    "timestamp": 1453647749
  }
}
