{
  "RSpec": {
    "coverage": {
      "/Users/danielleinkster/Projects/makers/week1/airport/airport_challenge/work/spec/airport_spec.rb": [
        1,
        null,
        1,
        1,
        1,
        null,
        null,
        null,
        1,
        1,
        1,
        null,
        null,
        null,
        2,
        null,
        1,
        1,
        1,
        1,
        1,
        null,
        null,
        1,
        21,
        2,
        null,
        null,
        null,
        2,
        null,
        1,
        1,
        1,
        1,
        1,
        null,
        null,
        null
      ],
      "/Users/danielleinkster/Projects/makers/week1/airport/airport_challenge/work/lib/airport.rb": [
        1,
        null,
        1,
        null,
        1,
        1,
        null,
        1,
        6,
        6,
        null,
        null,
        1,
        23,
        null,
        22,
        null,
        null,
        1,
        1,
        null,
        null,
        1,
        1,
        23,
        null,
        null
      ],
      "/Users/danielleinkster/Projects/makers/week1/airport/airport_challenge/work/lib/plane.rb": [
        1,
        1,
        1,
        null,
        null
      ],
      "/Users/danielleinkster/Projects/makers/week1/airport/airport_challenge/work/spec/plane_spec.rb": [
        1,
        null,
        1,
        1,
        1,
        null,
        null,
        1,
        1,
        1,
        null,
        null,
        null
      ]
    },
    "timestamp": 1569171082
  }
}
