{
  "RSpec": {
    "coverage": {
      "/Users/danielleinkster/Projects/makers/week1/airport/airport_challenge/work/spec/airport_spec.rb": [
        1,
        null,
        1,
        1,
        1,
        null,
        null
      ],
      "/Users/danielleinkster/Projects/makers/week1/airport/airport_challenge/work/lib/airport.rb": [
        1,
        null
      ],
      "/Users/danielleinkster/Projects/makers/week1/airport/airport_challenge/work/spec/plane_spec.rb": [
        1,
        null,
        1,
        1,
        1,
        null,
        null
      ],
      "/Users/danielleinkster/Projects/makers/week1/airport/airport_challenge/work/lib/plane.rb": [
        1,
        null
      ]
    },
    "timestamp": 1569101503
  }
}
