{
  "RSpec": {
    "coverage": {
      "/Users/jlr/Desktop/Makers/airport_challenge/spec/airport_spec.rb": [
        1,
        1,
        1,
        1,
        13,
        7,
        null,
        1,
        2,
        2,
        2,
        1,
        1,
        1,
        null,
        null,
        null,
        1,
        2,
        null,
        1,
        1,
        1,
        1,
        null,
        null,
        1,
        1,
        21,
        2,
        null,
        null,
        1,
        1,
        2,
        null,
        null,
        null,
        1,
        2,
        null,
        1,
        1,
        1,
        1,
        null,
        null,
        1,
        1,
        1,
        1,
        null,
        null,
        null,
        1,
        1,
        1,
        null,
        1,
        null,
        null,
        1,
        1,
        null,
        null,
        null,
        null
      ],
      "/Users/jlr/Desktop/Makers/airport_challenge/lib/airport.rb": [
        1,
        1,
        null,
        1,
        1,
        1,
        null,
        1,
        null,
        1,
        13,
        13,
        13,
        null,
        null,
        1,
        0,
        0,
        0,
        null,
        0,
        0,
        null,
        null,
        1,
        26,
        25,
        24,
        null,
        null
      ],
      "/Users/jlr/Desktop/Makers/airport_challenge/lib/plane.rb": [
        null,
        1,
        1,
        null,
        1,
        29,
        null,
        null,
        1,
        1,
        null,
        null
      ],
      "/Users/jlr/Desktop/Makers/airport_challenge/lib/weather.rb": [
        1,
        1,
        0,
        0,
        null,
        null,
        1,
        0,
        0,
        null,
        null
      ],
      "/Users/jlr/Desktop/Makers/airport_challenge/spec/plane_spec.rb": [
        1,
        1,
        2,
        1,
        1,
        null,
        null,
        1,
        1,
        null,
        null
      ],
      "/Users/jlr/Desktop/Makers/airport_challenge/spec/weather_spec.rb": [
        1,
        null,
        1,
        2,
        1,
        1,
        null,
        null
      ]
    },
    "timestamp": 1606680455
  }
}
