{
  "RSpec": {
    "coverage": {
      "/Users/leonwee/Projects/Makers_Academy/Week1/airport_challenge/spec/airport_spec.rb": [
        1,
        null,
        null,
        null,
        null,
        null,
        null,
        null,
        null,
        null,
        null,
        null,
        null,
        1,
        15,
        15,
        15,
        null,
        null,
        1,
        1,
        1,
        null,
        null,
        null,
        null,
        1,
        1,
        1,
        null,
        null,
        1,
        1,
        1,
        null,
        null,
        1,
        2,
        null,
        null,
        1,
        1,
        1,
        1,
        null,
        null,
        null,
        null,
        1,
        1,
        1,
        null,
        null,
        1,
        1,
        1,
        null,
        null,
        1,
        1,
        1,
        null,
        null,
        null,
        null,
        null,
        null,
        null,
        null,
        null,
        null,
        null,
        null,
        null,
        null,
        1,
        1,
        1,
        51,
        2,
        null,
        null,
        null,
        1,
        1,
        1,
        1,
        1,
        null,
        null,
        1,
        1,
        1,
        1,
        null,
        null,
        null,
        1,
        1,
        1,
        null,
        null,
        1,
        1,
        1,
        2,
        null,
        null,
        1,
        1,
        1,
        2,
        null,
        null,
        null,
        null,
        null
      ],
      "/Users/leonwee/Projects/Makers_Academy/Week1/airport_challenge/lib/airport.rb": [
        1,
        null,
        1,
        1,
        null,
        1,
        null,
        1,
        14,
        14,
        14,
        null,
        null,
        1,
        57,
        56,
        56,
        55,
        null,
        null,
        1,
        4,
        3,
        2,
        2,
        2,
        null,
        null,
        1,
        4,
        null,
        null,
        1,
        6,
        4,
        null,
        null,
        1,
        null,
        1,
        61,
        null,
        null,
        1,
        56,
        null,
        null
      ],
      "/Users/leonwee/Projects/Makers_Academy/Week1/airport_challenge/lib/plane.rb": [
        1,
        null,
        1,
        1,
        null,
        1,
        null,
        1,
        7,
        null,
        null,
        1,
        3,
        null,
        null,
        1,
        2,
        null,
        null,
        1,
        2,
        null,
        null,
        1,
        2,
        null,
        null
      ],
      "/Users/leonwee/Projects/Makers_Academy/Week1/airport_challenge/spec/plane_spec.rb": [
        1,
        null,
        null,
        null,
        null,
        null,
        null,
        null,
        null,
        null,
        null,
        null,
        null,
        null,
        null,
        null,
        1,
        null,
        1,
        1,
        1,
        null,
        null,
        null,
        null,
        1,
        1,
        1,
        1,
        null,
        null,
        null,
        null,
        1,
        1,
        1,
        1,
        null,
        null,
        null,
        null,
        1,
        1,
        1,
        1,
        null,
        null,
        1,
        1,
        null,
        null,
        1,
        1,
        1,
        null,
        null,
        1,
        1,
        null,
        null,
        null,
        null
      ]
    },
    "timestamp": 1437888592
  }
}
