{
  "RSpec": {
    "coverage": {
      "/Users/makersacademy24/Projects/airport_challenge/spec/airport_spec.rb": [
        1,
        null,
        1,
        null,
        1,
        null,
        1,
        null,
        1,
        null,
        null,
        1,
        null,
        1,
        null,
        null,
        null,
        null,
        null,
        null,
        null,
        null,
        null,
        null,
        1,
        1,
        null,
        1,
        null,
        null,
        null
      ],
      "/Users/makersacademy24/Projects/airport_challenge/lib/airport.rb": [
        1,
        1,
        1,
        null,
        1,
        0,
        null,
        null
      ],
      "/Users/makersacademy24/Projects/airport_challenge/spec/feature/grand_finale_spec.rb": [
        1,
        1,
        1,
        null,
        null,
        null,
        null,
        null,
        null,
        null,
        null,
        null,
        1,
        null,
        1,
        null,
        1,
        1,
        1,
        0,
        0,
        0,
        null,
        null
      ],
      "/Users/makersacademy24/Projects/airport_challenge/lib/plane.rb": [
        1,
        1,
        null,
        null,
        1,
        0,
        null,
        null,
        1,
        0,
        null,
        null
      ],
      "/Users/makersacademy24/Projects/airport_challenge/spec/feature/plane_takeoff_spec.rb": [
        1,
        1,
        0,
        0,
        0,
        null,
        null
      ],
      "/Users/makersacademy24/Projects/airport_challenge/spec/plane_spec.rb": [
        1,
        null,
        1,
        null,
        1,
        null,
        null,
        null,
        1,
        null,
        1,
        null,
        1,
        null,
        1,
        null,
        null
      ]
    },
    "timestamp": 1430572948
  }
}
